
> nextn@0.1.0 build /home/engine/project
> NODE_ENV=production next build && pnpm run verify:bundle

⚠ No build cache found. Please configure build caching for faster rebuilds. Read more: https://nextjs.org/docs/messages/no-cache
Attention: Next.js now collects completely anonymous telemetry regarding usage.
This information is used to shape Next.js' roadmap and prioritize features.
You can learn more, including how to opt-out if you'd not like to participate in this anonymous program, by visiting the following URL:
https://nextjs.org/telemetry

   ▲ Next.js 15.5.6
   - Environments: .env.local

   Creating an optimized production build ...
Failed to compile.

./src/app/api/ai/chat/route.ts
Error:   [31mx[0m Expected ',', got 's'
    ,-[[36;1;4m/home/engine/project/src/app/api/ai/chat/route.ts[0m:26:1]
 [2m23[0m | const ChatWithDocumentOutputSchema = z.object({
 [2m24[0m |   response: z
 [2m25[0m |     .string()
 [2m26[0m |     .describe('The AI's response to the user's message.'),
    : [35;1m                      ^[0m
 [2m27[0m | });
 [2m28[0m | 
 [2m29[0m | // Define the prompt (same as in the flow)
    `----

Caused by:
    Syntax Error

Import trace for requested module:
./src/app/api/ai/chat/route.ts


> Build failed because of webpack errors
 ELIFECYCLE  Command failed with exit code 1.
